Flow report for enhanced
Thu Jan 04 11:05:48 2018
Quartus II Version 9.1 Build 222 10/21/2009 SJ Web Edition


---------------------
; Table of Contents ;
---------------------
  1. Legal Notice
  2. Flow Summary
  3. Flow Settings
  4. Flow Non-Default Global Settings
  5. Flow Elapsed Time
  6. Flow OS Summary
  7. Flow Log



----------------
; Legal Notice ;
----------------
Copyright (C) 1991-2009 Altera Corporation
Your use of Altera Corporation's design tools, logic functions 
and other software and tools, and its AMPP partner logic 
functions, and any output files from any of the foregoing 
(including device programming or simulation files), and any 
associated documentation or information are expressly subject 
to the terms and conditions of the Altera Program License 
Subscription Agreement, Altera MegaCore Function License 
Agreement, or other applicable license agreement, including, 
without limitation, that your use is for the sole purpose of 
programming logic devices manufactured by Altera and sold by 
Altera or its authorized distributors.  Please refer to the 
applicable agreement for further details.



+------------------------------------------------------------------------------+
; Flow Summary                                                                 ;
+------------------------------------+-----------------------------------------+
; Flow Status                        ; Successful - Thu Jan 04 11:05:48 2018   ;
; Quartus II Version                 ; 9.1 Build 222 10/21/2009 SJ Web Edition ;
; Revision Name                      ; enhanced                                ;
; Top-level Entity Name              ; integrate_test                          ;
; Family                             ; Cyclone II                              ;
; Device                             ; EP2C20F484C7                            ;
; Timing Models                      ; Final                                   ;
; Met timing requirements            ; Yes                                     ;
; Total logic elements               ; 389 / 18,752 ( 2 % )                    ;
;     Total combinational functions  ; 316 / 18,752 ( 2 % )                    ;
;     Dedicated logic registers      ; 281 / 18,752 ( 1 % )                    ;
; Total registers                    ; 281                                     ;
; Total pins                         ; 40 / 315 ( 13 % )                       ;
; Total virtual pins                 ; 0                                       ;
; Total memory bits                  ; 0 / 239,616 ( 0 % )                     ;
; Embedded Multiplier 9-bit elements ; 0 / 52 ( 0 % )                          ;
; Total PLLs                         ; 0 / 4 ( 0 % )                           ;
+------------------------------------+-----------------------------------------+


+-----------------------------------------+
; Flow Settings                           ;
+-------------------+---------------------+
; Option            ; Setting             ;
+-------------------+---------------------+
; Start date & time ; 01/04/2018 11:05:08 ;
; Main task         ; Compilation         ;
; Revision Name     ; enhanced            ;
+-------------------+---------------------+


+------------------------------------------------------------------------------------------------------------------------+
; Flow Non-Default Global Settings                                                                                       ;
+------------------------------------+---------------------------------+---------------+----------------+----------------+
; Assignment Name                    ; Value                           ; Default Value ; Entity Name    ; Section Id     ;
+------------------------------------+---------------------------------+---------------+----------------+----------------+
; COMPILER_SIGNATURE_ID              ; 180419519926410.151503510805200 ; --            ; --             ; --             ;
; MAX_CORE_JUNCTION_TEMP             ; 85                              ; --            ; --             ; --             ;
; MIN_CORE_JUNCTION_TEMP             ; 0                               ; --            ; --             ; --             ;
; PARTITION_COLOR                    ; 16764057                        ; --            ; integrate_test ; Top            ;
; PARTITION_NETLIST_TYPE             ; SOURCE                          ; --            ; integrate_test ; Top            ;
; TOP_LEVEL_ENTITY                   ; integrate_test                  ; enhanced      ; --             ; --             ;
; USE_GENERATED_PHYSICAL_CONSTRAINTS ; Off                             ; --            ; --             ; eda_blast_fpga ;
+------------------------------------+---------------------------------+---------------+----------------+----------------+


+-----------------------------------------------------------------------------------------------------------------------------+
; Flow Elapsed Time                                                                                                           ;
+-------------------------+--------------+-------------------------+---------------------+------------------------------------+
; Module Name             ; Elapsed Time ; Average Processors Used ; Peak Virtual Memory ; Total CPU Time (on all processors) ;
+-------------------------+--------------+-------------------------+---------------------+------------------------------------+
; Analysis & Synthesis    ; 00:00:14     ; 1.0                     ; 201 MB              ; 00:00:03                           ;
; Fitter                  ; 00:00:13     ; 1.0                     ; 237 MB              ; 00:00:03                           ;
; Assembler               ; 00:00:11     ; 1.0                     ; 214 MB              ; 00:00:01                           ;
; Classic Timing Analyzer ; 00:00:10     ; 1.0                     ; 152 MB              ; 00:00:00                           ;
; Total                   ; 00:00:48     ; --                      ; --                  ; 00:00:07                           ;
+-------------------------+--------------+-------------------------+---------------------+------------------------------------+


+------------------------------------------------------------------------------------------+
; Flow OS Summary                                                                          ;
+-------------------------+------------------+---------------+------------+----------------+
; Module Name             ; Machine Hostname ; OS Name       ; OS Version ; Processor type ;
+-------------------------+------------------+---------------+------------+----------------+
; Analysis & Synthesis    ; DELL-D203B-05    ; Windows Vista ; 6.1        ; i686           ;
; Fitter                  ; DELL-D203B-05    ; Windows Vista ; 6.1        ; i686           ;
; Assembler               ; DELL-D203B-05    ; Windows Vista ; 6.1        ; i686           ;
; Classic Timing Analyzer ; DELL-D203B-05    ; Windows Vista ; 6.1        ; i686           ;
+-------------------------+------------------+---------------+------------+----------------+


------------
; Flow Log ;
------------
quartus_map --read_settings_files=on --write_settings_files=off enhanced -c enhanced
quartus_fit --read_settings_files=off --write_settings_files=off enhanced -c enhanced
quartus_asm --read_settings_files=off --write_settings_files=off enhanced -c enhanced
quartus_tan --read_settings_files=off --write_settings_files=off enhanced -c enhanced --timing_analysis_only



